2026-01-05 20:29:30,841 - logger_config.py:139 - INFO - [preprocess_face] [Status: IN] [Duration: 0ms] [Payload: Args: ['Array(shape=(300, 300))'], Kwargs: {}]
2026-01-05 20:29:30,856 - logger_config.py:157 - INFO - [preprocess_face] [Status: OUT] [Duration: 13.36ms] [Payload: RuntimeValues: {}]
2026-01-07 19:44:04,841 - logger_config.py:139 - INFO - [home] [Status: IN] [Duration: 0ms] [Payload: Args: [], Kwargs: {}]
2026-01-07 19:44:04,859 - logger_config.py:157 - INFO - [home] [Status: OUT] [Duration: 16.00ms] [Payload: RuntimeValues: {}]
2026-01-07 19:44:11,205 - logger_config.py:139 - INFO - [home] [Status: IN] [Duration: 0ms] [Payload: Args: [], Kwargs: {}]
2026-01-07 19:44:11,208 - logger_config.py:157 - INFO - [home] [Status: OUT] [Duration: 1.00ms] [Payload: RuntimeValues: {}]
2026-01-07 19:44:16,247 - logger_config.py:139 - INFO - [home] [Status: IN] [Duration: 0ms] [Payload: Args: [], Kwargs: {}]
2026-01-07 19:44:16,249 - logger_config.py:157 - INFO - [home] [Status: OUT] [Duration: 0.00ms] [Payload: RuntimeValues: {}]
2026-01-07 19:44:18,182 - logger_config.py:139 - INFO - [home] [Status: IN] [Duration: 0ms] [Payload: Args: [], Kwargs: {}]
2026-01-07 19:44:18,184 - logger_config.py:157 - INFO - [home] [Status: OUT] [Duration: 1.00ms] [Payload: RuntimeValues: {}]
2026-01-07 19:44:20,772 - logger_config.py:139 - INFO - [home] [Status: IN] [Duration: 0ms] [Payload: Args: [], Kwargs: {}]
2026-01-07 19:44:20,773 - logger_config.py:157 - INFO - [home] [Status: OUT] [Duration: 0.00ms] [Payload: RuntimeValues: {}]
2026-01-07 19:55:21,543 - logger_config.py:139 - INFO - [home] [Status: IN] [Duration: 0ms] [Payload: Args: [], Kwargs: {}]
2026-01-07 19:55:21,553 - logger_config.py:157 - INFO - [home] [Status: OUT] [Duration: 9.00ms] [Payload: RuntimeValues: {}]
2026-01-07 19:55:22,386 - logger_config.py:139 - INFO - [home] [Status: IN] [Duration: 0ms] [Payload: Args: [], Kwargs: {}]
2026-01-07 19:55:22,388 - logger_config.py:157 - INFO - [home] [Status: OUT] [Duration: 1.00ms] [Payload: RuntimeValues: {}]
2026-01-07 19:55:22,792 - logger_config.py:139 - INFO - [home] [Status: IN] [Duration: 0ms] [Payload: Args: [], Kwargs: {}]
2026-01-07 19:55:22,793 - logger_config.py:157 - INFO - [home] [Status: OUT] [Duration: 0.00ms] [Payload: RuntimeValues: {}]
2026-01-07 19:55:23,501 - logger_config.py:139 - INFO - [home] [Status: IN] [Duration: 0ms] [Payload: Args: [], Kwargs: {}]
2026-01-07 19:55:23,502 - logger_config.py:157 - INFO - [home] [Status: OUT] [Duration: 0.00ms] [Payload: RuntimeValues: {}]
2026-01-07 19:56:03,845 - logger_config.py:139 - INFO - [preprocess_face] [Status: IN] [Duration: 0ms] [Payload: Args: ['Array(shape=(206, 206))'], Kwargs: {}]
2026-01-07 19:56:03,852 - logger_config.py:157 - INFO - [preprocess_face] [Status: OUT] [Duration: 4.99ms] [Payload: RuntimeValues: {}]
2026-01-07 19:56:15,735 - logger_config.py:139 - INFO - [preprocess_face] [Status: IN] [Duration: 0ms] [Payload: Args: ['Array(shape=(196, 196))'], Kwargs: {}]
2026-01-07 19:56:15,736 - logger_config.py:157 - INFO - [preprocess_face] [Status: OUT] [Duration: 0.00ms] [Payload: RuntimeValues: {}]
2026-01-07 19:56:20,827 - logger_config.py:139 - INFO - [preprocess_face] [Status: IN] [Duration: 0ms] [Payload: Args: ['Array(shape=(218, 218))'], Kwargs: {}]
2026-01-07 19:56:20,830 - logger_config.py:157 - INFO - [preprocess_face] [Status: OUT] [Duration: 0.56ms] [Payload: RuntimeValues: {}]
2026-01-07 19:56:20,882 - logger_config.py:139 - INFO - [preprocess_face] [Status: IN] [Duration: 0ms] [Payload: Args: ['Array(shape=(218, 218))'], Kwargs: {}]
2026-01-07 19:56:20,885 - logger_config.py:157 - INFO - [preprocess_face] [Status: OUT] [Duration: 2.00ms] [Payload: RuntimeValues: {}]
2026-01-07 19:56:21,143 - logger_config.py:139 - INFO - [preprocess_face] [Status: IN] [Duration: 0ms] [Payload: Args: ['Array(shape=(196, 196))'], Kwargs: {}]
2026-01-07 19:56:21,144 - logger_config.py:157 - INFO - [preprocess_face] [Status: OUT] [Duration: 0.00ms] [Payload: RuntimeValues: {}]
2026-01-07 19:56:21,180 - logger_config.py:139 - INFO - [preprocess_face] [Status: IN] [Duration: 0ms] [Payload: Args: ['Array(shape=(196, 196))'], Kwargs: {}]
2026-01-07 19:56:21,185 - logger_config.py:157 - INFO - [preprocess_face] [Status: OUT] [Duration: 3.00ms] [Payload: RuntimeValues: {}]
2026-01-07 19:56:24,693 - logger_config.py:139 - INFO - [preprocess_face] [Status: IN] [Duration: 0ms] [Payload: Args: ['Array(shape=(226, 226))'], Kwargs: {}]
2026-01-07 19:56:24,696 - logger_config.py:157 - INFO - [preprocess_face] [Status: OUT] [Duration: 1.00ms] [Payload: RuntimeValues: {}]
2026-01-07 19:56:24,750 - logger_config.py:139 - INFO - [preprocess_face] [Status: IN] [Duration: 0ms] [Payload: Args: ['Array(shape=(226, 226))'], Kwargs: {}]
2026-01-07 19:56:24,751 - logger_config.py:157 - INFO - [preprocess_face] [Status: OUT] [Duration: 1.00ms] [Payload: RuntimeValues: {}]
2026-01-07 19:56:24,795 - logger_config.py:139 - INFO - [preprocess_face] [Status: IN] [Duration: 0ms] [Payload: Args: ['Array(shape=(216, 216))'], Kwargs: {}]
2026-01-07 19:56:24,796 - logger_config.py:157 - INFO - [preprocess_face] [Status: OUT] [Duration: 1.00ms] [Payload: RuntimeValues: {}]
2026-01-07 19:56:24,836 - logger_config.py:139 - INFO - [preprocess_face] [Status: IN] [Duration: 0ms] [Payload: Args: ['Array(shape=(216, 216))'], Kwargs: {}]
2026-01-07 19:56:24,838 - logger_config.py:157 - INFO - [preprocess_face] [Status: OUT] [Duration: 0.00ms] [Payload: RuntimeValues: {}]
2026-01-07 19:56:25,404 - logger_config.py:139 - INFO - [preprocess_face] [Status: IN] [Duration: 0ms] [Payload: Args: ['Array(shape=(188, 188))'], Kwargs: {}]
2026-01-07 19:56:25,408 - logger_config.py:157 - INFO - [preprocess_face] [Status: OUT] [Duration: 0.52ms] [Payload: RuntimeValues: {}]
2026-01-07 19:56:25,449 - logger_config.py:139 - INFO - [preprocess_face] [Status: IN] [Duration: 0ms] [Payload: Args: ['Array(shape=(188, 188))'], Kwargs: {}]
2026-01-07 19:56:25,451 - logger_config.py:157 - INFO - [preprocess_face] [Status: OUT] [Duration: 1.00ms] [Payload: RuntimeValues: {}]
2026-01-07 19:56:25,568 - logger_config.py:139 - INFO - [preprocess_face] [Status: IN] [Duration: 0ms] [Payload: Args: ['Array(shape=(206, 206))'], Kwargs: {}]
2026-01-07 19:56:25,569 - logger_config.py:157 - INFO - [preprocess_face] [Status: OUT] [Duration: 0.00ms] [Payload: RuntimeValues: {}]
2026-01-07 19:56:25,614 - logger_config.py:139 - INFO - [preprocess_face] [Status: IN] [Duration: 0ms] [Payload: Args: ['Array(shape=(206, 206))'], Kwargs: {}]
2026-01-07 19:56:25,616 - logger_config.py:157 - INFO - [preprocess_face] [Status: OUT] [Duration: 0.00ms] [Payload: RuntimeValues: {}]
2026-01-07 19:56:25,731 - logger_config.py:139 - INFO - [preprocess_face] [Status: IN] [Duration: 0ms] [Payload: Args: ['Array(shape=(230, 230))'], Kwargs: {}]
2026-01-07 19:56:25,732 - logger_config.py:157 - INFO - [preprocess_face] [Status: OUT] [Duration: 1.00ms] [Payload: RuntimeValues: {}]
2026-01-07 19:56:25,771 - logger_config.py:139 - INFO - [preprocess_face] [Status: IN] [Duration: 0ms] [Payload: Args: ['Array(shape=(230, 230))'], Kwargs: {}]
2026-01-07 19:56:25,772 - logger_config.py:157 - INFO - [preprocess_face] [Status: OUT] [Duration: 1.00ms] [Payload: RuntimeValues: {}]
2026-01-07 19:56:25,871 - logger_config.py:139 - INFO - [preprocess_face] [Status: IN] [Duration: 0ms] [Payload: Args: ['Array(shape=(213, 213))'], Kwargs: {}]
2026-01-07 19:56:25,873 - logger_config.py:157 - INFO - [preprocess_face] [Status: OUT] [Duration: 1.00ms] [Payload: RuntimeValues: {}]
2026-01-07 19:56:25,915 - logger_config.py:139 - INFO - [preprocess_face] [Status: IN] [Duration: 0ms] [Payload: Args: ['Array(shape=(213, 213))'], Kwargs: {}]
2026-01-07 19:56:25,916 - logger_config.py:157 - INFO - [preprocess_face] [Status: OUT] [Duration: 0.00ms] [Payload: RuntimeValues: {}]
2026-01-07 19:56:26,300 - logger_config.py:139 - INFO - [preprocess_face] [Status: IN] [Duration: 0ms] [Payload: Args: ['Array(shape=(206, 206))'], Kwargs: {}]
2026-01-07 19:56:26,301 - logger_config.py:157 - INFO - [preprocess_face] [Status: OUT] [Duration: 1.00ms] [Payload: RuntimeValues: {}]
2026-01-07 19:56:26,343 - logger_config.py:139 - INFO - [preprocess_face] [Status: IN] [Duration: 0ms] [Payload: Args: ['Array(shape=(206, 206))'], Kwargs: {}]
2026-01-07 19:56:26,344 - logger_config.py:157 - INFO - [preprocess_face] [Status: OUT] [Duration: 0.00ms] [Payload: RuntimeValues: {}]
2026-01-07 19:56:26,795 - logger_config.py:139 - INFO - [preprocess_face] [Status: IN] [Duration: 0ms] [Payload: Args: ['Array(shape=(238, 238))'], Kwargs: {}]
2026-01-07 19:56:26,797 - logger_config.py:157 - INFO - [preprocess_face] [Status: OUT] [Duration: 1.00ms] [Payload: RuntimeValues: {}]
2026-01-07 19:56:26,843 - logger_config.py:139 - INFO - [preprocess_face] [Status: IN] [Duration: 0ms] [Payload: Args: ['Array(shape=(238, 238))'], Kwargs: {}]
2026-01-07 19:56:26,844 - logger_config.py:157 - INFO - [preprocess_face] [Status: OUT] [Duration: 1.00ms] [Payload: RuntimeValues: {}]
2026-01-07 19:56:27,024 - logger_config.py:139 - INFO - [preprocess_face] [Status: IN] [Duration: 0ms] [Payload: Args: ['Array(shape=(226, 226))'], Kwargs: {}]
2026-01-07 19:56:27,026 - logger_config.py:157 - INFO - [preprocess_face] [Status: OUT] [Duration: 1.00ms] [Payload: RuntimeValues: {}]
2026-01-07 19:56:27,060 - logger_config.py:139 - INFO - [preprocess_face] [Status: IN] [Duration: 0ms] [Payload: Args: ['Array(shape=(226, 226))'], Kwargs: {}]
2026-01-07 19:56:27,062 - logger_config.py:157 - INFO - [preprocess_face] [Status: OUT] [Duration: 1.00ms] [Payload: RuntimeValues: {}]
2026-01-07 19:56:33,922 - logger_config.py:139 - INFO - [home] [Status: IN] [Duration: 0ms] [Payload: Args: [], Kwargs: {}]
2026-01-07 19:56:33,926 - logger_config.py:157 - INFO - [home] [Status: OUT] [Duration: 1.01ms] [Payload: RuntimeValues: {}]
2026-01-07 19:56:38,256 - logger_config.py:139 - INFO - [preprocess_face] [Status: IN] [Duration: 0ms] [Payload: Args: ['Array(shape=(200, 200))'], Kwargs: {}]
2026-01-07 19:56:38,258 - logger_config.py:157 - INFO - [preprocess_face] [Status: OUT] [Duration: 2.00ms] [Payload: RuntimeValues: {}]
2026-01-07 19:56:38,260 - logger_config.py:139 - INFO - [preprocess_face] [Status: IN] [Duration: 0ms] [Payload: Args: ['Array(shape=(200, 200))'], Kwargs: {}]
2026-01-07 19:56:38,261 - logger_config.py:157 - INFO - [preprocess_face] [Status: OUT] [Duration: 1.00ms] [Payload: RuntimeValues: {}]
2026-01-07 19:56:38,263 - logger_config.py:139 - INFO - [preprocess_face] [Status: IN] [Duration: 0ms] [Payload: Args: ['Array(shape=(200, 200))'], Kwargs: {}]
2026-01-07 19:56:38,264 - logger_config.py:157 - INFO - [preprocess_face] [Status: OUT] [Duration: 0.00ms] [Payload: RuntimeValues: {}]
2026-01-07 19:56:38,267 - logger_config.py:139 - INFO - [preprocess_face] [Status: IN] [Duration: 0ms] [Payload: Args: ['Array(shape=(200, 200))'], Kwargs: {}]
2026-01-07 19:56:38,270 - logger_config.py:157 - INFO - [preprocess_face] [Status: OUT] [Duration: 2.00ms] [Payload: RuntimeValues: {}]
2026-01-07 19:56:38,273 - logger_config.py:139 - INFO - [preprocess_face] [Status: IN] [Duration: 0ms] [Payload: Args: ['Array(shape=(200, 200))'], Kwargs: {}]
2026-01-07 19:56:38,276 - logger_config.py:157 - INFO - [preprocess_face] [Status: OUT] [Duration: 0.00ms] [Payload: RuntimeValues: {}]
2026-01-07 19:56:38,280 - logger_config.py:139 - INFO - [preprocess_face] [Status: IN] [Duration: 0ms] [Payload: Args: ['Array(shape=(200, 200))'], Kwargs: {}]
2026-01-07 19:56:38,290 - logger_config.py:157 - INFO - [preprocess_face] [Status: OUT] [Duration: 0.00ms] [Payload: RuntimeValues: {}]
2026-01-07 19:56:38,293 - logger_config.py:139 - INFO - [preprocess_face] [Status: IN] [Duration: 0ms] [Payload: Args: ['Array(shape=(200, 200))'], Kwargs: {}]
2026-01-07 19:56:38,295 - logger_config.py:157 - INFO - [preprocess_face] [Status: OUT] [Duration: 1.00ms] [Payload: RuntimeValues: {}]
2026-01-07 19:56:38,297 - logger_config.py:139 - INFO - [preprocess_face] [Status: IN] [Duration: 0ms] [Payload: Args: ['Array(shape=(200, 200))'], Kwargs: {}]
2026-01-07 19:56:38,298 - logger_config.py:157 - INFO - [preprocess_face] [Status: OUT] [Duration: 1.00ms] [Payload: RuntimeValues: {}]
2026-01-07 19:56:38,300 - logger_config.py:139 - INFO - [preprocess_face] [Status: IN] [Duration: 0ms] [Payload: Args: ['Array(shape=(200, 200))'], Kwargs: {}]
2026-01-07 19:56:38,305 - logger_config.py:157 - INFO - [preprocess_face] [Status: OUT] [Duration: 1.00ms] [Payload: RuntimeValues: {}]
2026-01-07 19:56:38,307 - logger_config.py:139 - INFO - [preprocess_face] [Status: IN] [Duration: 0ms] [Payload: Args: ['Array(shape=(200, 200))'], Kwargs: {}]
2026-01-07 19:56:38,308 - logger_config.py:157 - INFO - [preprocess_face] [Status: OUT] [Duration: 1.48ms] [Payload: RuntimeValues: {}]
2026-01-07 19:56:38,310 - logger_config.py:139 - INFO - [preprocess_face] [Status: IN] [Duration: 0ms] [Payload: Args: ['Array(shape=(200, 200))'], Kwargs: {}]
2026-01-07 19:56:38,312 - logger_config.py:157 - INFO - [preprocess_face] [Status: OUT] [Duration: 1.00ms] [Payload: RuntimeValues: {}]
2026-01-07 19:56:38,313 - logger_config.py:139 - INFO - [preprocess_face] [Status: IN] [Duration: 0ms] [Payload: Args: ['Array(shape=(200, 200))'], Kwargs: {}]
2026-01-07 19:56:38,315 - logger_config.py:157 - INFO - [preprocess_face] [Status: OUT] [Duration: 0.00ms] [Payload: RuntimeValues: {}]
2026-01-07 19:56:38,317 - logger_config.py:139 - INFO - [preprocess_face] [Status: IN] [Duration: 0ms] [Payload: Args: ['Array(shape=(200, 200))'], Kwargs: {}]
2026-01-07 19:56:38,320 - logger_config.py:157 - INFO - [preprocess_face] [Status: OUT] [Duration: 1.00ms] [Payload: RuntimeValues: {}]
2026-01-07 19:56:38,322 - logger_config.py:139 - INFO - [preprocess_face] [Status: IN] [Duration: 0ms] [Payload: Args: ['Array(shape=(200, 200))'], Kwargs: {}]
2026-01-07 19:56:38,325 - logger_config.py:157 - INFO - [preprocess_face] [Status: OUT] [Duration: 1.00ms] [Payload: RuntimeValues: {}]
2026-01-07 19:56:38,326 - logger_config.py:139 - INFO - [preprocess_face] [Status: IN] [Duration: 0ms] [Payload: Args: ['Array(shape=(200, 200))'], Kwargs: {}]
2026-01-07 19:56:38,328 - logger_config.py:157 - INFO - [preprocess_face] [Status: OUT] [Duration: 1.01ms] [Payload: RuntimeValues: {}]
2026-01-07 19:56:38,330 - logger_config.py:139 - INFO - [preprocess_face] [Status: IN] [Duration: 0ms] [Payload: Args: ['Array(shape=(200, 200))'], Kwargs: {}]
2026-01-07 19:56:38,332 - logger_config.py:157 - INFO - [preprocess_face] [Status: OUT] [Duration: 1.00ms] [Payload: RuntimeValues: {}]
2026-01-07 19:56:38,333 - logger_config.py:139 - INFO - [preprocess_face] [Status: IN] [Duration: 0ms] [Payload: Args: ['Array(shape=(200, 200))'], Kwargs: {}]
2026-01-07 19:56:38,336 - logger_config.py:157 - INFO - [preprocess_face] [Status: OUT] [Duration: 1.00ms] [Payload: RuntimeValues: {}]
2026-01-07 19:56:38,338 - logger_config.py:139 - INFO - [preprocess_face] [Status: IN] [Duration: 0ms] [Payload: Args: ['Array(shape=(200, 200))'], Kwargs: {}]
2026-01-07 19:56:38,340 - logger_config.py:157 - INFO - [preprocess_face] [Status: OUT] [Duration: 1.00ms] [Payload: RuntimeValues: {}]
2026-01-07 19:56:38,342 - logger_config.py:139 - INFO - [preprocess_face] [Status: IN] [Duration: 0ms] [Payload: Args: ['Array(shape=(200, 200))'], Kwargs: {}]
2026-01-07 19:56:38,343 - logger_config.py:157 - INFO - [preprocess_face] [Status: OUT] [Duration: 1.00ms] [Payload: RuntimeValues: {}]
2026-01-07 19:56:38,346 - logger_config.py:139 - INFO - [preprocess_face] [Status: IN] [Duration: 0ms] [Payload: Args: ['Array(shape=(200, 200))'], Kwargs: {}]
2026-01-07 19:56:38,348 - logger_config.py:157 - INFO - [preprocess_face] [Status: OUT] [Duration: 1.00ms] [Payload: RuntimeValues: {}]
2026-01-07 19:56:38,354 - logger_config.py:139 - INFO - [preprocess_face] [Status: IN] [Duration: 0ms] [Payload: Args: ['Array(shape=(200, 200))'], Kwargs: {}]
2026-01-07 19:56:38,358 - logger_config.py:157 - INFO - [preprocess_face] [Status: OUT] [Duration: 1.00ms] [Payload: RuntimeValues: {}]
2026-01-07 19:56:38,365 - logger_config.py:139 - INFO - [preprocess_face] [Status: IN] [Duration: 0ms] [Payload: Args: ['Array(shape=(200, 200))'], Kwargs: {}]
2026-01-07 19:56:38,368 - logger_config.py:157 - INFO - [preprocess_face] [Status: OUT] [Duration: 1.00ms] [Payload: RuntimeValues: {}]
2026-01-07 19:56:38,372 - logger_config.py:139 - INFO - [preprocess_face] [Status: IN] [Duration: 0ms] [Payload: Args: ['Array(shape=(200, 200))'], Kwargs: {}]
2026-01-07 19:56:38,378 - logger_config.py:157 - INFO - [preprocess_face] [Status: OUT] [Duration: 1.00ms] [Payload: RuntimeValues: {}]
2026-01-07 19:56:38,381 - logger_config.py:139 - INFO - [preprocess_face] [Status: IN] [Duration: 0ms] [Payload: Args: ['Array(shape=(200, 200))'], Kwargs: {}]
2026-01-07 19:56:38,382 - logger_config.py:157 - INFO - [preprocess_face] [Status: OUT] [Duration: 1.00ms] [Payload: RuntimeValues: {}]
2026-01-07 19:56:38,699 - logger_config.py:139 - INFO - [home] [Status: IN] [Duration: 0ms] [Payload: Args: [], Kwargs: {}]
2026-01-07 19:56:38,701 - logger_config.py:157 - INFO - [home] [Status: OUT] [Duration: 1.00ms] [Payload: RuntimeValues: {}]
2026-01-07 19:56:49,340 - logger_config.py:139 - INFO - [preprocess_face] [Status: IN] [Duration: 0ms] [Payload: Args: ['Array(shape=(208, 208))'], Kwargs: {}]
2026-01-07 19:56:49,342 - logger_config.py:157 - INFO - [preprocess_face] [Status: OUT] [Duration: 1.00ms] [Payload: RuntimeValues: {}]
2026-01-07 19:56:49,393 - logger_config.py:139 - INFO - [preprocess_face] [Status: IN] [Duration: 0ms] [Payload: Args: ['Array(shape=(208, 208))'], Kwargs: {}]
2026-01-07 19:56:49,394 - logger_config.py:157 - INFO - [preprocess_face] [Status: OUT] [Duration: 0.00ms] [Payload: RuntimeValues: {}]
2026-01-07 19:56:52,850 - logger_config.py:139 - INFO - [preprocess_face] [Status: IN] [Duration: 0ms] [Payload: Args: ['Array(shape=(228, 228))'], Kwargs: {}]
2026-01-07 19:56:52,851 - logger_config.py:157 - INFO - [preprocess_face] [Status: OUT] [Duration: 1.00ms] [Payload: RuntimeValues: {}]
2026-01-07 19:56:52,895 - logger_config.py:139 - INFO - [preprocess_face] [Status: IN] [Duration: 0ms] [Payload: Args: ['Array(shape=(228, 228))'], Kwargs: {}]
2026-01-07 19:56:52,897 - logger_config.py:157 - INFO - [preprocess_face] [Status: OUT] [Duration: 1.00ms] [Payload: RuntimeValues: {}]
2026-01-07 19:56:52,966 - logger_config.py:139 - INFO - [preprocess_face] [Status: IN] [Duration: 0ms] [Payload: Args: ['Array(shape=(252, 252))'], Kwargs: {}]
2026-01-07 19:56:52,969 - logger_config.py:157 - INFO - [preprocess_face] [Status: OUT] [Duration: 0.97ms] [Payload: RuntimeValues: {}]
2026-01-07 19:56:53,102 - logger_config.py:139 - INFO - [preprocess_face] [Status: IN] [Duration: 0ms] [Payload: Args: ['Array(shape=(258, 258))'], Kwargs: {}]
2026-01-07 19:56:53,103 - logger_config.py:157 - INFO - [preprocess_face] [Status: OUT] [Duration: 0.00ms] [Payload: RuntimeValues: {}]
2026-01-07 19:56:53,150 - logger_config.py:139 - INFO - [preprocess_face] [Status: IN] [Duration: 0ms] [Payload: Args: ['Array(shape=(258, 258))'], Kwargs: {}]
2026-01-07 19:56:53,152 - logger_config.py:157 - INFO - [preprocess_face] [Status: OUT] [Duration: 1.00ms] [Payload: RuntimeValues: {}]
2026-01-07 19:56:53,763 - logger_config.py:139 - INFO - [preprocess_face] [Status: IN] [Duration: 0ms] [Payload: Args: ['Array(shape=(266, 266))'], Kwargs: {}]
2026-01-07 19:56:53,765 - logger_config.py:157 - INFO - [preprocess_face] [Status: OUT] [Duration: 1.00ms] [Payload: RuntimeValues: {}]
2026-01-07 19:56:53,809 - logger_config.py:139 - INFO - [preprocess_face] [Status: IN] [Duration: 0ms] [Payload: Args: ['Array(shape=(266, 266))'], Kwargs: {}]
2026-01-07 19:56:53,810 - logger_config.py:157 - INFO - [preprocess_face] [Status: OUT] [Duration: 0.00ms] [Payload: RuntimeValues: {}]
2026-01-07 19:56:54,046 - logger_config.py:139 - INFO - [preprocess_face] [Status: IN] [Duration: 0ms] [Payload: Args: ['Array(shape=(239, 239))'], Kwargs: {}]
2026-01-07 19:56:54,047 - logger_config.py:157 - INFO - [preprocess_face] [Status: OUT] [Duration: 1.00ms] [Payload: RuntimeValues: {}]
2026-01-07 19:56:54,089 - logger_config.py:139 - INFO - [preprocess_face] [Status: IN] [Duration: 0ms] [Payload: Args: ['Array(shape=(239, 239))'], Kwargs: {}]
2026-01-07 19:56:54,091 - logger_config.py:157 - INFO - [preprocess_face] [Status: OUT] [Duration: 1.00ms] [Payload: RuntimeValues: {}]
2026-01-07 19:56:54,138 - logger_config.py:139 - INFO - [preprocess_face] [Status: IN] [Duration: 0ms] [Payload: Args: ['Array(shape=(239, 239))'], Kwargs: {}]
2026-01-07 19:56:54,139 - logger_config.py:157 - INFO - [preprocess_face] [Status: OUT] [Duration: 1.00ms] [Payload: RuntimeValues: {}]
2026-01-07 19:56:54,300 - logger_config.py:139 - INFO - [preprocess_face] [Status: IN] [Duration: 0ms] [Payload: Args: ['Array(shape=(245, 245))'], Kwargs: {}]
2026-01-07 19:56:54,302 - logger_config.py:157 - INFO - [preprocess_face] [Status: OUT] [Duration: 1.00ms] [Payload: RuntimeValues: {}]
2026-01-07 19:56:54,350 - logger_config.py:139 - INFO - [preprocess_face] [Status: IN] [Duration: 0ms] [Payload: Args: ['Array(shape=(245, 245))'], Kwargs: {}]
2026-01-07 19:56:54,351 - logger_config.py:157 - INFO - [preprocess_face] [Status: OUT] [Duration: 0.00ms] [Payload: RuntimeValues: {}]
2026-01-07 19:56:54,398 - logger_config.py:139 - INFO - [preprocess_face] [Status: IN] [Duration: 0ms] [Payload: Args: ['Array(shape=(245, 245))'], Kwargs: {}]
2026-01-07 19:56:54,402 - logger_config.py:157 - INFO - [preprocess_face] [Status: OUT] [Duration: 0.00ms] [Payload: RuntimeValues: {}]
2026-01-07 19:57:11,451 - logger_config.py:139 - INFO - [preprocess_face] [Status: IN] [Duration: 0ms] [Payload: Args: ['Array(shape=(178, 178))'], Kwargs: {}]
2026-01-07 19:57:11,455 - logger_config.py:157 - INFO - [preprocess_face] [Status: OUT] [Duration: 1.05ms] [Payload: RuntimeValues: {}]
2026-01-07 19:57:11,535 - logger_config.py:139 - INFO - [preprocess_face] [Status: IN] [Duration: 0ms] [Payload: Args: ['Array(shape=(178, 178))'], Kwargs: {}]
2026-01-07 19:57:11,537 - logger_config.py:157 - INFO - [preprocess_face] [Status: OUT] [Duration: 0.00ms] [Payload: RuntimeValues: {}]
2026-01-07 19:57:16,649 - logger_config.py:139 - INFO - [preprocess_face] [Status: IN] [Duration: 0ms] [Payload: Args: ['Array(shape=(198, 198))'], Kwargs: {}]
2026-01-07 19:57:16,651 - logger_config.py:157 - INFO - [preprocess_face] [Status: OUT] [Duration: 1.00ms] [Payload: RuntimeValues: {}]
2026-01-07 19:57:16,701 - logger_config.py:139 - INFO - [preprocess_face] [Status: IN] [Duration: 0ms] [Payload: Args: ['Array(shape=(198, 198))'], Kwargs: {}]
2026-01-07 19:57:16,709 - logger_config.py:157 - INFO - [preprocess_face] [Status: OUT] [Duration: 2.00ms] [Payload: RuntimeValues: {}]
2026-01-07 19:57:16,790 - logger_config.py:139 - INFO - [preprocess_face] [Status: IN] [Duration: 0ms] [Payload: Args: ['Array(shape=(226, 226))'], Kwargs: {}]
2026-01-07 19:57:16,795 - logger_config.py:157 - INFO - [preprocess_face] [Status: OUT] [Duration: 0.00ms] [Payload: RuntimeValues: {}]
2026-01-07 19:57:21,454 - logger_config.py:139 - INFO - [preprocess_face] [Status: IN] [Duration: 0ms] [Payload: Args: ['Array(shape=(193, 193))'], Kwargs: {}]
2026-01-07 19:57:21,459 - logger_config.py:157 - INFO - [preprocess_face] [Status: OUT] [Duration: 2.00ms] [Payload: RuntimeValues: {}]
2026-01-07 19:57:21,522 - logger_config.py:139 - INFO - [preprocess_face] [Status: IN] [Duration: 0ms] [Payload: Args: ['Array(shape=(215, 215))'], Kwargs: {}]
2026-01-07 19:57:21,523 - logger_config.py:157 - INFO - [preprocess_face] [Status: OUT] [Duration: 0.00ms] [Payload: RuntimeValues: {}]
2026-01-07 19:57:21,595 - logger_config.py:139 - INFO - [preprocess_face] [Status: IN] [Duration: 0ms] [Payload: Args: ['Array(shape=(215, 215))'], Kwargs: {}]
2026-01-07 19:57:21,597 - logger_config.py:157 - INFO - [preprocess_face] [Status: OUT] [Duration: 1.00ms] [Payload: RuntimeValues: {}]
2026-01-07 19:57:21,664 - logger_config.py:139 - INFO - [preprocess_face] [Status: IN] [Duration: 0ms] [Payload: Args: ['Array(shape=(206, 206))'], Kwargs: {}]
2026-01-07 19:57:21,666 - logger_config.py:157 - INFO - [preprocess_face] [Status: OUT] [Duration: 1.00ms] [Payload: RuntimeValues: {}]
2026-01-07 19:57:21,811 - logger_config.py:139 - INFO - [preprocess_face] [Status: IN] [Duration: 0ms] [Payload: Args: ['Array(shape=(226, 226))'], Kwargs: {}]
2026-01-07 19:57:21,812 - logger_config.py:157 - INFO - [preprocess_face] [Status: OUT] [Duration: 0.00ms] [Payload: RuntimeValues: {}]
2026-01-07 19:57:21,862 - logger_config.py:139 - INFO - [preprocess_face] [Status: IN] [Duration: 0ms] [Payload: Args: ['Array(shape=(226, 226))'], Kwargs: {}]
2026-01-07 19:57:21,865 - logger_config.py:157 - INFO - [preprocess_face] [Status: OUT] [Duration: 0.99ms] [Payload: RuntimeValues: {}]
2026-01-07 19:57:22,057 - logger_config.py:139 - INFO - [preprocess_face] [Status: IN] [Duration: 0ms] [Payload: Args: ['Array(shape=(226, 226))'], Kwargs: {}]
2026-01-07 19:57:22,058 - logger_config.py:157 - INFO - [preprocess_face] [Status: OUT] [Duration: 0.00ms] [Payload: RuntimeValues: {}]
2026-01-07 19:57:22,116 - logger_config.py:139 - INFO - [preprocess_face] [Status: IN] [Duration: 0ms] [Payload: Args: ['Array(shape=(226, 226))'], Kwargs: {}]
2026-01-07 19:57:22,117 - logger_config.py:157 - INFO - [preprocess_face] [Status: OUT] [Duration: 0.00ms] [Payload: RuntimeValues: {}]
2026-01-07 19:57:22,304 - logger_config.py:139 - INFO - [preprocess_face] [Status: IN] [Duration: 0ms] [Payload: Args: ['Array(shape=(215, 215))'], Kwargs: {}]
2026-01-07 19:57:22,306 - logger_config.py:157 - INFO - [preprocess_face] [Status: OUT] [Duration: 0.99ms] [Payload: RuntimeValues: {}]
2026-01-07 19:57:22,366 - logger_config.py:139 - INFO - [preprocess_face] [Status: IN] [Duration: 0ms] [Payload: Args: ['Array(shape=(215, 215))'], Kwargs: {}]
2026-01-07 19:57:22,368 - logger_config.py:157 - INFO - [preprocess_face] [Status: OUT] [Duration: 1.00ms] [Payload: RuntimeValues: {}]
2026-01-07 19:57:22,420 - logger_config.py:139 - INFO - [preprocess_face] [Status: IN] [Duration: 0ms] [Payload: Args: ['Array(shape=(236, 236))'], Kwargs: {}]
2026-01-07 19:57:22,421 - logger_config.py:157 - INFO - [preprocess_face] [Status: OUT] [Duration: 0.00ms] [Payload: RuntimeValues: {}]
2026-01-07 19:57:22,479 - logger_config.py:139 - INFO - [preprocess_face] [Status: IN] [Duration: 0ms] [Payload: Args: ['Array(shape=(236, 236))'], Kwargs: {}]
2026-01-07 19:57:22,482 - logger_config.py:157 - INFO - [preprocess_face] [Status: OUT] [Duration: 1.02ms] [Payload: RuntimeValues: {}]
2026-01-07 19:57:22,587 - logger_config.py:139 - INFO - [preprocess_face] [Status: IN] [Duration: 0ms] [Payload: Args: ['Array(shape=(221, 221))'], Kwargs: {}]
2026-01-07 19:57:22,588 - logger_config.py:157 - INFO - [preprocess_face] [Status: OUT] [Duration: 0.00ms] [Payload: RuntimeValues: {}]
2026-01-07 19:57:22,641 - logger_config.py:139 - INFO - [preprocess_face] [Status: IN] [Duration: 0ms] [Payload: Args: ['Array(shape=(221, 221))'], Kwargs: {}]
2026-01-07 19:57:22,644 - logger_config.py:157 - INFO - [preprocess_face] [Status: OUT] [Duration: 2.00ms] [Payload: RuntimeValues: {}]
2026-01-07 19:57:22,793 - logger_config.py:139 - INFO - [preprocess_face] [Status: IN] [Duration: 0ms] [Payload: Args: ['Array(shape=(228, 228))'], Kwargs: {}]
2026-01-07 19:57:22,794 - logger_config.py:157 - INFO - [preprocess_face] [Status: OUT] [Duration: 0.00ms] [Payload: RuntimeValues: {}]
2026-01-07 19:57:22,848 - logger_config.py:139 - INFO - [preprocess_face] [Status: IN] [Duration: 0ms] [Payload: Args: ['Array(shape=(208, 208))'], Kwargs: {}]
2026-01-07 19:57:22,851 - logger_config.py:157 - INFO - [preprocess_face] [Status: OUT] [Duration: 0.00ms] [Payload: RuntimeValues: {}]
2026-01-07 19:57:22,903 - logger_config.py:139 - INFO - [preprocess_face] [Status: IN] [Duration: 0ms] [Payload: Args: ['Array(shape=(208, 208))'], Kwargs: {}]
2026-01-07 19:57:22,905 - logger_config.py:157 - INFO - [preprocess_face] [Status: OUT] [Duration: 1.02ms] [Payload: RuntimeValues: {}]
2026-01-07 19:57:23,062 - logger_config.py:139 - INFO - [preprocess_face] [Status: IN] [Duration: 0ms] [Payload: Args: ['Array(shape=(208, 208))'], Kwargs: {}]
2026-01-07 19:57:23,063 - logger_config.py:157 - INFO - [preprocess_face] [Status: OUT] [Duration: 0.00ms] [Payload: RuntimeValues: {}]
2026-01-07 19:57:23,202 - logger_config.py:139 - INFO - [preprocess_face] [Status: IN] [Duration: 0ms] [Payload: Args: ['Array(shape=(204, 204))'], Kwargs: {}]
2026-01-07 19:57:23,204 - logger_config.py:157 - INFO - [preprocess_face] [Status: OUT] [Duration: 1.00ms] [Payload: RuntimeValues: {}]
2026-01-07 19:57:23,260 - logger_config.py:139 - INFO - [preprocess_face] [Status: IN] [Duration: 0ms] [Payload: Args: ['Array(shape=(204, 204))'], Kwargs: {}]
2026-01-07 19:57:23,261 - logger_config.py:157 - INFO - [preprocess_face] [Status: OUT] [Duration: 1.00ms] [Payload: RuntimeValues: {}]
2026-01-07 19:57:23,369 - logger_config.py:139 - INFO - [preprocess_face] [Status: IN] [Duration: 0ms] [Payload: Args: ['Array(shape=(214, 214))'], Kwargs: {}]
2026-01-07 19:57:23,370 - logger_config.py:157 - INFO - [preprocess_face] [Status: OUT] [Duration: 0.00ms] [Payload: RuntimeValues: {}]
2026-01-07 19:57:23,426 - logger_config.py:139 - INFO - [preprocess_face] [Status: IN] [Duration: 0ms] [Payload: Args: ['Array(shape=(214, 214))'], Kwargs: {}]
2026-01-07 19:57:23,427 - logger_config.py:157 - INFO - [preprocess_face] [Status: OUT] [Duration: 1.00ms] [Payload: RuntimeValues: {}]
2026-01-07 19:57:23,487 - logger_config.py:139 - INFO - [preprocess_face] [Status: IN] [Duration: 0ms] [Payload: Args: ['Array(shape=(210, 210))'], Kwargs: {}]
2026-01-07 19:57:23,489 - logger_config.py:157 - INFO - [preprocess_face] [Status: OUT] [Duration: 1.00ms] [Payload: RuntimeValues: {}]
2026-01-07 19:57:23,549 - logger_config.py:139 - INFO - [preprocess_face] [Status: IN] [Duration: 0ms] [Payload: Args: ['Array(shape=(210, 210))'], Kwargs: {}]
2026-01-07 19:57:23,551 - logger_config.py:157 - INFO - [preprocess_face] [Status: OUT] [Duration: 1.00ms] [Payload: RuntimeValues: {}]
2026-01-07 19:57:23,894 - logger_config.py:139 - INFO - [preprocess_face] [Status: IN] [Duration: 0ms] [Payload: Args: ['Array(shape=(196, 196))'], Kwargs: {}]
2026-01-07 19:57:23,895 - logger_config.py:157 - INFO - [preprocess_face] [Status: OUT] [Duration: 0.00ms] [Payload: RuntimeValues: {}]
2026-01-07 19:57:23,954 - logger_config.py:139 - INFO - [preprocess_face] [Status: IN] [Duration: 0ms] [Payload: Args: ['Array(shape=(196, 196))'], Kwargs: {}]
2026-01-07 19:57:23,956 - logger_config.py:157 - INFO - [preprocess_face] [Status: OUT] [Duration: 1.00ms] [Payload: RuntimeValues: {}]
2026-01-07 19:57:24,017 - logger_config.py:139 - INFO - [preprocess_face] [Status: IN] [Duration: 0ms] [Payload: Args: ['Array(shape=(196, 196))'], Kwargs: {}]
2026-01-07 19:57:24,019 - logger_config.py:157 - INFO - [preprocess_face] [Status: OUT] [Duration: 1.00ms] [Payload: RuntimeValues: {}]
2026-01-07 19:57:24,082 - logger_config.py:139 - INFO - [preprocess_face] [Status: IN] [Duration: 0ms] [Payload: Args: ['Array(shape=(196, 196))'], Kwargs: {}]
2026-01-07 19:57:24,084 - logger_config.py:157 - INFO - [preprocess_face] [Status: OUT] [Duration: 0.00ms] [Payload: RuntimeValues: {}]
2026-01-07 19:57:25,894 - logger_config.py:139 - INFO - [preprocess_face] [Status: IN] [Duration: 0ms] [Payload: Args: ['Array(shape=(138, 138))'], Kwargs: {}]
2026-01-07 19:57:25,895 - logger_config.py:157 - INFO - [preprocess_face] [Status: OUT] [Duration: 1.00ms] [Payload: RuntimeValues: {}]
2026-01-07 19:57:25,967 - logger_config.py:139 - INFO - [preprocess_face] [Status: IN] [Duration: 0ms] [Payload: Args: ['Array(shape=(141, 141))'], Kwargs: {}]
2026-01-07 19:57:25,969 - logger_config.py:157 - INFO - [preprocess_face] [Status: OUT] [Duration: 0.00ms] [Payload: RuntimeValues: {}]
2026-01-07 19:57:26,087 - logger_config.py:139 - INFO - [preprocess_face] [Status: IN] [Duration: 0ms] [Payload: Args: ['Array(shape=(138, 138))'], Kwargs: {}]
2026-01-07 19:57:26,088 - logger_config.py:157 - INFO - [preprocess_face] [Status: OUT] [Duration: 1.01ms] [Payload: RuntimeValues: {}]
2026-01-07 19:57:26,142 - logger_config.py:139 - INFO - [preprocess_face] [Status: IN] [Duration: 0ms] [Payload: Args: ['Array(shape=(138, 138))'], Kwargs: {}]
2026-01-07 19:57:26,145 - logger_config.py:157 - INFO - [preprocess_face] [Status: OUT] [Duration: 1.00ms] [Payload: RuntimeValues: {}]
2026-01-07 19:57:26,370 - logger_config.py:139 - INFO - [preprocess_face] [Status: IN] [Duration: 0ms] [Payload: Args: ['Array(shape=(142, 142))'], Kwargs: {}]
2026-01-07 19:57:26,371 - logger_config.py:157 - INFO - [preprocess_face] [Status: OUT] [Duration: 0.00ms] [Payload: RuntimeValues: {}]
2026-01-07 19:57:26,418 - logger_config.py:139 - INFO - [preprocess_face] [Status: IN] [Duration: 0ms] [Payload: Args: ['Array(shape=(142, 142))'], Kwargs: {}]
2026-01-07 19:57:26,421 - logger_config.py:157 - INFO - [preprocess_face] [Status: OUT] [Duration: 2.00ms] [Payload: RuntimeValues: {}]
2026-01-07 19:57:26,481 - logger_config.py:139 - INFO - [preprocess_face] [Status: IN] [Duration: 0ms] [Payload: Args: ['Array(shape=(142, 142))'], Kwargs: {}]
2026-01-07 19:57:26,483 - logger_config.py:157 - INFO - [preprocess_face] [Status: OUT] [Duration: 1.00ms] [Payload: RuntimeValues: {}]
2026-01-07 19:57:26,620 - logger_config.py:139 - INFO - [preprocess_face] [Status: IN] [Duration: 0ms] [Payload: Args: ['Array(shape=(132, 132))'], Kwargs: {}]
2026-01-07 19:57:26,621 - logger_config.py:157 - INFO - [preprocess_face] [Status: OUT] [Duration: 0.00ms] [Payload: RuntimeValues: {}]
2026-01-07 19:57:26,668 - logger_config.py:139 - INFO - [preprocess_face] [Status: IN] [Duration: 0ms] [Payload: Args: ['Array(shape=(132, 132))'], Kwargs: {}]
2026-01-07 19:57:26,671 - logger_config.py:157 - INFO - [preprocess_face] [Status: OUT] [Duration: 1.00ms] [Payload: RuntimeValues: {}]
2026-01-07 19:57:26,749 - logger_config.py:139 - INFO - [preprocess_face] [Status: IN] [Duration: 0ms] [Payload: Args: ['Array(shape=(132, 132))'], Kwargs: {}]
2026-01-07 19:57:26,750 - logger_config.py:157 - INFO - [preprocess_face] [Status: OUT] [Duration: 0.00ms] [Payload: RuntimeValues: {}]
2026-01-07 19:57:26,803 - logger_config.py:139 - INFO - [preprocess_face] [Status: IN] [Duration: 0ms] [Payload: Args: ['Array(shape=(132, 132))'], Kwargs: {}]
2026-01-07 19:57:26,804 - logger_config.py:157 - INFO - [preprocess_face] [Status: OUT] [Duration: 0.00ms] [Payload: RuntimeValues: {}]
2026-01-07 19:57:27,213 - logger_config.py:139 - INFO - [preprocess_face] [Status: IN] [Duration: 0ms] [Payload: Args: ['Array(shape=(145, 145))'], Kwargs: {}]
2026-01-07 19:57:27,216 - logger_config.py:157 - INFO - [preprocess_face] [Status: OUT] [Duration: 1.00ms] [Payload: RuntimeValues: {}]
2026-01-07 19:57:27,269 - logger_config.py:139 - INFO - [preprocess_face] [Status: IN] [Duration: 0ms] [Payload: Args: ['Array(shape=(145, 145))'], Kwargs: {}]
2026-01-07 19:57:27,270 - logger_config.py:157 - INFO - [preprocess_face] [Status: OUT] [Duration: 1.00ms] [Payload: RuntimeValues: {}]
2026-01-07 19:57:27,547 - logger_config.py:139 - INFO - [preprocess_face] [Status: IN] [Duration: 0ms] [Payload: Args: ['Array(shape=(141, 141))'], Kwargs: {}]
2026-01-07 19:57:27,548 - logger_config.py:157 - INFO - [preprocess_face] [Status: OUT] [Duration: 1.00ms] [Payload: RuntimeValues: {}]
2026-01-07 19:57:27,603 - logger_config.py:139 - INFO - [preprocess_face] [Status: IN] [Duration: 0ms] [Payload: Args: ['Array(shape=(141, 141))'], Kwargs: {}]
2026-01-07 19:57:27,606 - logger_config.py:157 - INFO - [preprocess_face] [Status: OUT] [Duration: 1.00ms] [Payload: RuntimeValues: {}]
2026-01-07 19:57:27,894 - logger_config.py:139 - INFO - [preprocess_face] [Status: IN] [Duration: 0ms] [Payload: Args: ['Array(shape=(132, 132))'], Kwargs: {}]
2026-01-07 19:57:27,896 - logger_config.py:157 - INFO - [preprocess_face] [Status: OUT] [Duration: 1.00ms] [Payload: RuntimeValues: {}]
2026-01-07 19:57:27,950 - logger_config.py:139 - INFO - [preprocess_face] [Status: IN] [Duration: 0ms] [Payload: Args: ['Array(shape=(132, 132))'], Kwargs: {}]
2026-01-07 19:57:27,953 - logger_config.py:157 - INFO - [preprocess_face] [Status: OUT] [Duration: 1.00ms] [Payload: RuntimeValues: {}]
2026-01-07 19:57:28,008 - logger_config.py:139 - INFO - [preprocess_face] [Status: IN] [Duration: 0ms] [Payload: Args: ['Array(shape=(132, 132))'], Kwargs: {}]
2026-01-07 19:57:28,010 - logger_config.py:157 - INFO - [preprocess_face] [Status: OUT] [Duration: 1.00ms] [Payload: RuntimeValues: {}]
2026-01-07 19:57:28,498 - logger_config.py:139 - INFO - [preprocess_face] [Status: IN] [Duration: 0ms] [Payload: Args: ['Array(shape=(136, 136))'], Kwargs: {}]
2026-01-07 19:57:28,499 - logger_config.py:157 - INFO - [preprocess_face] [Status: OUT] [Duration: 1.00ms] [Payload: RuntimeValues: {}]
2026-01-07 19:57:28,550 - logger_config.py:139 - INFO - [preprocess_face] [Status: IN] [Duration: 0ms] [Payload: Args: ['Array(shape=(136, 136))'], Kwargs: {}]
2026-01-07 19:57:28,552 - logger_config.py:157 - INFO - [preprocess_face] [Status: OUT] [Duration: 1.00ms] [Payload: RuntimeValues: {}]
2026-01-07 19:57:29,341 - logger_config.py:139 - INFO - [preprocess_face] [Status: IN] [Duration: 0ms] [Payload: Args: ['Array(shape=(135, 135))'], Kwargs: {}]
2026-01-07 19:57:29,343 - logger_config.py:157 - INFO - [preprocess_face] [Status: OUT] [Duration: 1.00ms] [Payload: RuntimeValues: {}]
2026-01-07 19:57:29,403 - logger_config.py:139 - INFO - [preprocess_face] [Status: IN] [Duration: 0ms] [Payload: Args: ['Array(shape=(135, 135))'], Kwargs: {}]
2026-01-07 19:57:29,405 - logger_config.py:157 - INFO - [preprocess_face] [Status: OUT] [Duration: 1.00ms] [Payload: RuntimeValues: {}]
2026-01-07 19:57:29,505 - logger_config.py:139 - INFO - [preprocess_face] [Status: IN] [Duration: 0ms] [Payload: Args: ['Array(shape=(136, 136))'], Kwargs: {}]
2026-01-07 19:57:29,508 - logger_config.py:157 - INFO - [preprocess_face] [Status: OUT] [Duration: 1.00ms] [Payload: RuntimeValues: {}]
2026-01-07 19:57:29,561 - logger_config.py:139 - INFO - [preprocess_face] [Status: IN] [Duration: 0ms] [Payload: Args: ['Array(shape=(136, 136))'], Kwargs: {}]
2026-01-07 19:57:29,562 - logger_config.py:157 - INFO - [preprocess_face] [Status: OUT] [Duration: 1.00ms] [Payload: RuntimeValues: {}]
2026-01-07 19:57:29,771 - logger_config.py:139 - INFO - [preprocess_face] [Status: IN] [Duration: 0ms] [Payload: Args: ['Array(shape=(132, 132))'], Kwargs: {}]
2026-01-07 19:57:29,772 - logger_config.py:157 - INFO - [preprocess_face] [Status: OUT] [Duration: 1.00ms] [Payload: RuntimeValues: {}]
2026-01-07 19:57:30,157 - logger_config.py:139 - INFO - [preprocess_face] [Status: IN] [Duration: 0ms] [Payload: Args: ['Array(shape=(141, 141))'], Kwargs: {}]
2026-01-07 19:57:30,158 - logger_config.py:157 - INFO - [preprocess_face] [Status: OUT] [Duration: 1.00ms] [Payload: RuntimeValues: {}]
2026-01-07 19:57:30,213 - logger_config.py:139 - INFO - [preprocess_face] [Status: IN] [Duration: 0ms] [Payload: Args: ['Array(shape=(141, 141))'], Kwargs: {}]
2026-01-07 19:57:30,214 - logger_config.py:157 - INFO - [preprocess_face] [Status: OUT] [Duration: 0.00ms] [Payload: RuntimeValues: {}]
2026-01-07 19:57:30,739 - logger_config.py:139 - INFO - [preprocess_face] [Status: IN] [Duration: 0ms] [Payload: Args: ['Array(shape=(128, 128))'], Kwargs: {}]
2026-01-07 19:57:30,741 - logger_config.py:157 - INFO - [preprocess_face] [Status: OUT] [Duration: 1.00ms] [Payload: RuntimeValues: {}]
2026-01-07 19:57:30,792 - logger_config.py:139 - INFO - [preprocess_face] [Status: IN] [Duration: 0ms] [Payload: Args: ['Array(shape=(128, 128))'], Kwargs: {}]
2026-01-07 19:57:30,794 - logger_config.py:157 - INFO - [preprocess_face] [Status: OUT] [Duration: 1.00ms] [Payload: RuntimeValues: {}]
2026-01-07 19:57:30,845 - logger_config.py:139 - INFO - [preprocess_face] [Status: IN] [Duration: 0ms] [Payload: Args: ['Array(shape=(138, 138))'], Kwargs: {}]
2026-01-07 19:57:30,847 - logger_config.py:157 - INFO - [preprocess_face] [Status: OUT] [Duration: 1.00ms] [Payload: RuntimeValues: {}]
2026-01-07 19:57:31,297 - logger_config.py:139 - INFO - [preprocess_face] [Status: IN] [Duration: 0ms] [Payload: Args: ['Array(shape=(142, 142))'], Kwargs: {}]
2026-01-07 19:57:31,298 - logger_config.py:157 - INFO - [preprocess_face] [Status: OUT] [Duration: 0.00ms] [Payload: RuntimeValues: {}]
2026-01-07 19:57:31,357 - logger_config.py:139 - INFO - [preprocess_face] [Status: IN] [Duration: 0ms] [Payload: Args: ['Array(shape=(142, 142))'], Kwargs: {}]
2026-01-07 19:57:31,359 - logger_config.py:157 - INFO - [preprocess_face] [Status: OUT] [Duration: 0.00ms] [Payload: RuntimeValues: {}]
2026-01-07 19:57:31,415 - logger_config.py:139 - INFO - [preprocess_face] [Status: IN] [Duration: 0ms] [Payload: Args: ['Array(shape=(141, 141))'], Kwargs: {}]
2026-01-07 19:57:31,417 - logger_config.py:157 - INFO - [preprocess_face] [Status: OUT] [Duration: 1.00ms] [Payload: RuntimeValues: {}]
2026-01-07 19:57:31,467 - logger_config.py:139 - INFO - [preprocess_face] [Status: IN] [Duration: 0ms] [Payload: Args: ['Array(shape=(141, 141))'], Kwargs: {}]
2026-01-07 19:57:31,470 - logger_config.py:157 - INFO - [preprocess_face] [Status: OUT] [Duration: 0.00ms] [Payload: RuntimeValues: {}]
2026-01-07 19:57:31,573 - logger_config.py:139 - INFO - [preprocess_face] [Status: IN] [Duration: 0ms] [Payload: Args: ['Array(shape=(136, 136))'], Kwargs: {}]
2026-01-07 19:57:31,575 - logger_config.py:157 - INFO - [preprocess_face] [Status: OUT] [Duration: 1.00ms] [Payload: RuntimeValues: {}]
2026-01-07 19:57:31,625 - logger_config.py:139 - INFO - [preprocess_face] [Status: IN] [Duration: 0ms] [Payload: Args: ['Array(shape=(136, 136))'], Kwargs: {}]
2026-01-07 19:57:31,626 - logger_config.py:157 - INFO - [preprocess_face] [Status: OUT] [Duration: 0.00ms] [Payload: RuntimeValues: {}]
2026-01-07 19:57:32,220 - logger_config.py:139 - INFO - [preprocess_face] [Status: IN] [Duration: 0ms] [Payload: Args: ['Array(shape=(138, 138))'], Kwargs: {}]
2026-01-07 19:57:32,222 - logger_config.py:157 - INFO - [preprocess_face] [Status: OUT] [Duration: 1.00ms] [Payload: RuntimeValues: {}]
2026-01-07 19:57:32,270 - logger_config.py:139 - INFO - [preprocess_face] [Status: IN] [Duration: 0ms] [Payload: Args: ['Array(shape=(138, 138))'], Kwargs: {}]
2026-01-07 19:57:32,276 - logger_config.py:157 - INFO - [preprocess_face] [Status: OUT] [Duration: 1.00ms] [Payload: RuntimeValues: {}]
2026-01-07 19:57:32,691 - logger_config.py:139 - INFO - [preprocess_face] [Status: IN] [Duration: 0ms] [Payload: Args: ['Array(shape=(138, 138))'], Kwargs: {}]
2026-01-07 19:57:32,692 - logger_config.py:157 - INFO - [preprocess_face] [Status: OUT] [Duration: 1.00ms] [Payload: RuntimeValues: {}]
2026-01-07 19:57:32,742 - logger_config.py:139 - INFO - [preprocess_face] [Status: IN] [Duration: 0ms] [Payload: Args: ['Array(shape=(138, 138))'], Kwargs: {}]
2026-01-07 19:57:32,743 - logger_config.py:157 - INFO - [preprocess_face] [Status: OUT] [Duration: 1.00ms] [Payload: RuntimeValues: {}]
2026-01-07 19:57:33,859 - logger_config.py:139 - INFO - [preprocess_face] [Status: IN] [Duration: 0ms] [Payload: Args: ['Array(shape=(142, 142))'], Kwargs: {}]
2026-01-07 19:57:33,861 - logger_config.py:157 - INFO - [preprocess_face] [Status: OUT] [Duration: 1.00ms] [Payload: RuntimeValues: {}]
2026-01-07 19:57:35,630 - logger_config.py:139 - INFO - [preprocess_face] [Status: IN] [Duration: 0ms] [Payload: Args: ['Array(shape=(141, 141))'], Kwargs: {}]
2026-01-07 19:57:35,632 - logger_config.py:157 - INFO - [preprocess_face] [Status: OUT] [Duration: 1.00ms] [Payload: RuntimeValues: {}]
2026-01-07 19:57:35,827 - logger_config.py:139 - INFO - [preprocess_face] [Status: IN] [Duration: 0ms] [Payload: Args: ['Array(shape=(132, 132))'], Kwargs: {}]
2026-01-07 19:57:35,830 - logger_config.py:157 - INFO - [preprocess_face] [Status: OUT] [Duration: 0.00ms] [Payload: RuntimeValues: {}]
2026-01-07 19:57:35,888 - logger_config.py:139 - INFO - [preprocess_face] [Status: IN] [Duration: 0ms] [Payload: Args: ['Array(shape=(132, 132))'], Kwargs: {}]
2026-01-07 19:57:35,890 - logger_config.py:157 - INFO - [preprocess_face] [Status: OUT] [Duration: 1.00ms] [Payload: RuntimeValues: {}]
2026-01-07 19:57:35,946 - logger_config.py:139 - INFO - [preprocess_face] [Status: IN] [Duration: 0ms] [Payload: Args: ['Array(shape=(141, 141))'], Kwargs: {}]
2026-01-07 19:57:35,947 - logger_config.py:157 - INFO - [preprocess_face] [Status: OUT] [Duration: 1.01ms] [Payload: RuntimeValues: {}]
2026-01-07 19:57:35,998 - logger_config.py:139 - INFO - [preprocess_face] [Status: IN] [Duration: 0ms] [Payload: Args: ['Array(shape=(141, 141))'], Kwargs: {}]
2026-01-07 19:57:36,001 - logger_config.py:157 - INFO - [preprocess_face] [Status: OUT] [Duration: 2.00ms] [Payload: RuntimeValues: {}]
2026-01-07 19:57:36,293 - logger_config.py:139 - INFO - [preprocess_face] [Status: IN] [Duration: 0ms] [Payload: Args: ['Array(shape=(202, 202))'], Kwargs: {}]
2026-01-07 19:57:36,294 - logger_config.py:157 - INFO - [preprocess_face] [Status: OUT] [Duration: 0.00ms] [Payload: RuntimeValues: {}]
2026-01-07 19:57:36,527 - logger_config.py:139 - INFO - [preprocess_face] [Status: IN] [Duration: 0ms] [Payload: Args: ['Array(shape=(141, 141))'], Kwargs: {}]
2026-01-07 19:57:36,529 - logger_config.py:157 - INFO - [preprocess_face] [Status: OUT] [Duration: 1.00ms] [Payload: RuntimeValues: {}]
2026-01-07 19:57:36,583 - logger_config.py:139 - INFO - [preprocess_face] [Status: IN] [Duration: 0ms] [Payload: Args: ['Array(shape=(141, 141))'], Kwargs: {}]
2026-01-07 19:57:36,585 - logger_config.py:157 - INFO - [preprocess_face] [Status: OUT] [Duration: 1.00ms] [Payload: RuntimeValues: {}]
2026-01-07 19:57:36,695 - logger_config.py:139 - INFO - [preprocess_face] [Status: IN] [Duration: 0ms] [Payload: Args: ['Array(shape=(193, 193))'], Kwargs: {}]
2026-01-07 19:57:36,696 - logger_config.py:157 - INFO - [preprocess_face] [Status: OUT] [Duration: 0.00ms] [Payload: RuntimeValues: {}]
2026-01-07 19:57:36,758 - logger_config.py:139 - INFO - [preprocess_face] [Status: IN] [Duration: 0ms] [Payload: Args: ['Array(shape=(193, 193))'], Kwargs: {}]
2026-01-07 19:57:36,760 - logger_config.py:157 - INFO - [preprocess_face] [Status: OUT] [Duration: 0.00ms] [Payload: RuntimeValues: {}]
2026-01-07 19:57:36,914 - logger_config.py:139 - INFO - [preprocess_face] [Status: IN] [Duration: 0ms] [Payload: Args: ['Array(shape=(141, 141))'], Kwargs: {}]
2026-01-07 19:57:36,917 - logger_config.py:157 - INFO - [preprocess_face] [Status: OUT] [Duration: 1.01ms] [Payload: RuntimeValues: {}]
2026-01-07 19:57:36,972 - logger_config.py:139 - INFO - [preprocess_face] [Status: IN] [Duration: 0ms] [Payload: Args: ['Array(shape=(141, 141))'], Kwargs: {}]
2026-01-07 19:57:36,974 - logger_config.py:157 - INFO - [preprocess_face] [Status: OUT] [Duration: 1.00ms] [Payload: RuntimeValues: {}]
2026-01-07 19:57:37,162 - logger_config.py:139 - INFO - [preprocess_face] [Status: IN] [Duration: 0ms] [Payload: Args: ['Array(shape=(138, 138))'], Kwargs: {}]
2026-01-07 19:57:37,164 - logger_config.py:157 - INFO - [preprocess_face] [Status: OUT] [Duration: 1.00ms] [Payload: RuntimeValues: {}]
2026-01-07 19:57:37,392 - logger_config.py:139 - INFO - [preprocess_face] [Status: IN] [Duration: 0ms] [Payload: Args: ['Array(shape=(138, 138))'], Kwargs: {}]
2026-01-07 19:57:37,394 - logger_config.py:157 - INFO - [preprocess_face] [Status: OUT] [Duration: 0.00ms] [Payload: RuntimeValues: {}]
2026-01-07 19:57:37,447 - logger_config.py:139 - INFO - [preprocess_face] [Status: IN] [Duration: 0ms] [Payload: Args: ['Array(shape=(138, 138))'], Kwargs: {}]
2026-01-07 19:57:37,448 - logger_config.py:157 - INFO - [preprocess_face] [Status: OUT] [Duration: 0.00ms] [Payload: RuntimeValues: {}]
2026-01-07 19:57:37,497 - logger_config.py:139 - INFO - [preprocess_face] [Status: IN] [Duration: 0ms] [Payload: Args: ['Array(shape=(141, 141))'], Kwargs: {}]
2026-01-07 19:57:37,499 - logger_config.py:157 - INFO - [preprocess_face] [Status: OUT] [Duration: 0.00ms] [Payload: RuntimeValues: {}]
2026-01-07 19:57:37,556 - logger_config.py:139 - INFO - [preprocess_face] [Status: IN] [Duration: 0ms] [Payload: Args: ['Array(shape=(137, 137))'], Kwargs: {}]
2026-01-07 19:57:37,560 - logger_config.py:157 - INFO - [preprocess_face] [Status: OUT] [Duration: 1.62ms] [Payload: RuntimeValues: {}]
2026-01-07 19:57:37,621 - logger_config.py:139 - INFO - [preprocess_face] [Status: IN] [Duration: 0ms] [Payload: Args: ['Array(shape=(137, 137))'], Kwargs: {}]
2026-01-07 19:57:37,625 - logger_config.py:157 - INFO - [preprocess_face] [Status: OUT] [Duration: 2.00ms] [Payload: RuntimeValues: {}]
2026-01-07 19:57:37,709 - logger_config.py:139 - INFO - [preprocess_face] [Status: IN] [Duration: 0ms] [Payload: Args: ['Array(shape=(129, 129))'], Kwargs: {}]
2026-01-07 19:57:37,711 - logger_config.py:157 - INFO - [preprocess_face] [Status: OUT] [Duration: 1.00ms] [Payload: RuntimeValues: {}]
2026-01-07 19:57:37,761 - logger_config.py:139 - INFO - [preprocess_face] [Status: IN] [Duration: 0ms] [Payload: Args: ['Array(shape=(143, 143))'], Kwargs: {}]
2026-01-07 19:57:37,763 - logger_config.py:157 - INFO - [preprocess_face] [Status: OUT] [Duration: 1.00ms] [Payload: RuntimeValues: {}]
2026-01-07 19:57:37,837 - logger_config.py:139 - INFO - [preprocess_face] [Status: IN] [Duration: 0ms] [Payload: Args: ['Array(shape=(143, 143))'], Kwargs: {}]
2026-01-07 19:57:37,838 - logger_config.py:157 - INFO - [preprocess_face] [Status: OUT] [Duration: 0.00ms] [Payload: RuntimeValues: {}]
2026-01-07 19:57:38,033 - logger_config.py:139 - INFO - [preprocess_face] [Status: IN] [Duration: 0ms] [Payload: Args: ['Array(shape=(193, 193))'], Kwargs: {}]
2026-01-07 19:57:38,036 - logger_config.py:157 - INFO - [preprocess_face] [Status: OUT] [Duration: 0.00ms] [Payload: RuntimeValues: {}]
2026-01-07 19:57:38,093 - logger_config.py:139 - INFO - [preprocess_face] [Status: IN] [Duration: 0ms] [Payload: Args: ['Array(shape=(193, 193))'], Kwargs: {}]
2026-01-07 19:57:38,095 - logger_config.py:157 - INFO - [preprocess_face] [Status: OUT] [Duration: 1.00ms] [Payload: RuntimeValues: {}]
2026-01-07 19:57:43,332 - logger_config.py:139 - INFO - [preprocess_face] [Status: IN] [Duration: 0ms] [Payload: Args: ['Array(shape=(204, 204))'], Kwargs: {}]
2026-01-07 19:57:43,333 - logger_config.py:157 - INFO - [preprocess_face] [Status: OUT] [Duration: 0.00ms] [Payload: RuntimeValues: {}]
2026-01-07 19:57:43,394 - logger_config.py:139 - INFO - [preprocess_face] [Status: IN] [Duration: 0ms] [Payload: Args: ['Array(shape=(204, 204))'], Kwargs: {}]
2026-01-07 19:57:43,395 - logger_config.py:157 - INFO - [preprocess_face] [Status: OUT] [Duration: 0.00ms] [Payload: RuntimeValues: {}]
2026-01-07 19:57:44,215 - logger_config.py:139 - INFO - [preprocess_face] [Status: IN] [Duration: 0ms] [Payload: Args: ['Array(shape=(222, 222))'], Kwargs: {}]
2026-01-07 19:57:44,219 - logger_config.py:157 - INFO - [preprocess_face] [Status: OUT] [Duration: 2.00ms] [Payload: RuntimeValues: {}]
2026-01-07 19:57:44,294 - logger_config.py:139 - INFO - [preprocess_face] [Status: IN] [Duration: 0ms] [Payload: Args: ['Array(shape=(222, 222))'], Kwargs: {}]
2026-01-07 19:57:44,295 - logger_config.py:157 - INFO - [preprocess_face] [Status: OUT] [Duration: 0.00ms] [Payload: RuntimeValues: {}]
2026-01-07 19:57:45,697 - logger_config.py:139 - INFO - [preprocess_face] [Status: IN] [Duration: 0ms] [Payload: Args: ['Array(shape=(196, 196))'], Kwargs: {}]
2026-01-07 19:57:45,700 - logger_config.py:157 - INFO - [preprocess_face] [Status: OUT] [Duration: 1.00ms] [Payload: RuntimeValues: {}]
2026-01-07 19:57:46,279 - logger_config.py:139 - INFO - [preprocess_face] [Status: IN] [Duration: 0ms] [Payload: Args: ['Array(shape=(209, 209))'], Kwargs: {}]
2026-01-07 19:57:46,280 - logger_config.py:157 - INFO - [preprocess_face] [Status: OUT] [Duration: 0.00ms] [Payload: RuntimeValues: {}]
2026-01-07 19:57:46,330 - logger_config.py:139 - INFO - [preprocess_face] [Status: IN] [Duration: 0ms] [Payload: Args: ['Array(shape=(209, 209))'], Kwargs: {}]
2026-01-07 19:57:46,332 - logger_config.py:157 - INFO - [preprocess_face] [Status: OUT] [Duration: 1.00ms] [Payload: RuntimeValues: {}]
2026-01-07 19:57:49,697 - logger_config.py:139 - INFO - [home] [Status: IN] [Duration: 0ms] [Payload: Args: [], Kwargs: {}]
2026-01-07 19:57:49,709 - logger_config.py:157 - INFO - [home] [Status: OUT] [Duration: 1.00ms] [Payload: RuntimeValues: {}]
